2024-04-21 01:33:04,541 - root - INFO - 現在正在讀取難度為easy的網站
網站的URL為:https://easyjapanese.net/news/easy/all?hl=zh-TW
2024-04-21 01:33:06,799 - root - INFO - 已經成功獲取網頁內容
2024-04-21 01:33:11,807 - root - INFO - 找到了 10 個 'item-recent' 標籤
2024-04-21 01:33:11,807 - root - INFO - 正在處理新聞資訊
2024-04-21 01:33:11,807 - root - INFO - 成功添加新聞資訊
2024-04-21 01:33:11,807 - root - INFO - 新聞標題: 新型コロナのワクチンのあと亡くなった人の家族などが訴えた
2024-04-21 01:33:11,808 - root - INFO - 正在處理新聞資訊
2024-04-21 01:33:11,808 - root - INFO - 成功添加新聞資訊
2024-04-21 01:33:11,808 - root - INFO - 新聞標題: 愛媛県と高知県で震度6弱の地震　夜の地震で気をつけること
2024-04-21 01:33:11,851 - root - INFO - 正在處理新聞資訊
2024-04-21 01:33:11,851 - root - INFO - 成功添加新聞資訊
2024-04-21 01:33:11,851 - root - INFO - 新聞標題: 高崎市　遮断機と警報機がない「危険な踏切」をなくす
2024-04-21 01:33:11,851 - root - INFO - 正在處理新聞資訊
2024-04-21 01:33:11,851 - root - INFO - 成功添加新聞資訊
2024-04-21 01:33:11,851 - root - INFO - 新聞標題: 大相撲のイベント　能登半島地震で困っている人を応援する
2024-04-21 01:33:11,851 - root - INFO - 正在處理新聞資訊
2024-04-21 01:33:11,851 - root - INFO - 成功添加新聞資訊
2024-04-21 01:33:11,851 - root - INFO - 新聞標題: 通信アプリ・テレグラム創設者が開発の経緯語る「きっかけは当局の圧力」
2024-04-21 01:33:11,851 - root - INFO - 正在處理新聞資訊
2024-04-21 01:33:11,851 - root - INFO - 成功添加新聞資訊
2024-04-21 01:33:11,851 - root - INFO - 新聞標題: トヨタ 約13万台リコール　プリウスの防水性能で
2024-04-21 01:33:11,851 - root - INFO - 正在處理新聞資訊
2024-04-21 01:33:11,852 - root - INFO - 成功添加新聞資訊
2024-04-21 01:33:11,852 - root - INFO - 新聞標題: 3月の訪日外国人数　単月で初の300万人超
2024-04-21 01:33:11,852 - root - INFO - 正在處理新聞資訊
2024-04-21 01:33:11,852 - root - INFO - 成功添加新聞資訊
2024-04-21 01:33:11,852 - root - INFO - 新聞標題: パリ五輪の採火式、発祥の地オリンピアで　聖火リレーがスタート
2024-04-21 01:33:11,852 - root - INFO - 正在處理新聞資訊
2024-04-21 01:33:11,852 - root - INFO - 成功添加新聞資訊
2024-04-21 01:33:11,852 - root - INFO - 新聞標題: 米名門大、イスラム教徒学生の総代スピーチを中止　「安全上の懸念」で
2024-04-21 01:33:11,852 - root - INFO - 正在處理新聞資訊
2024-04-21 01:33:11,853 - root - INFO - 成功添加新聞資訊
2024-04-21 01:33:11,853 - root - INFO - 新聞標題: ハワイの「天国への階段」、月内に撤去作業始まる　不法侵入が後を絶たず
